2018-07-17 09:22:21,955 - app - INFO - Completed configuring logger()!
2018-07-17 09:22:21,964 - urllib3.connectionpool - DEBUG - Starting new HTTP connection (1): localhost
2018-07-17 09:22:23,105 - urllib3.connectionpool - DEBUG - http://localhost:5984 "GET /medic/_all_docs HTTP/1.1" 200 None
2018-07-17 09:22:24,646 - app.couch - INFO - Deleting 00AFEC75-9667-8BC5-B71D-2148A0A22F9D
2018-07-17 09:22:24,646 - app.couch - INFO - Deleting 00AFEC75-9667-8BC5-B71D-2148A0A22F9D-info
2018-07-17 09:22:24,646 - app.couch - INFO - Deleting 10796C6B-B78D-EA52-98A3-FB01A4969954
2018-07-17 09:22:24,647 - app.couch - INFO - Deleting 1B5B9B62-4AC8-EEEF-8B99-1746DD839AA6
2018-07-17 09:22:24,647 - app.couch - INFO - Deleting 26B42815-001B-49CF-8C40-F63BCE4DA40F
2018-07-17 09:22:24,647 - app.couch - INFO - Deleting 3EBAA081-C053-6E0B-8D4F-42F78EBA745D
2018-07-17 09:22:24,647 - app.couch - INFO - Deleting 45C7E6B2-24E4-9DBC-8937-9C82CCF67CB5
2018-07-17 09:22:24,647 - app.couch - INFO - Deleting 718087DF-5965-74A3-A577-181DD60C4A58
2018-07-17 09:22:24,647 - app.couch - INFO - Deleting 841EFFED-9115-F9B8-89AC-2EF5CEF520FF
2018-07-17 09:22:24,647 - app.couch - INFO - Deleting 9932E133-C97E-32D3-ACA4-13CE5CF8AC1C
2018-07-17 09:22:24,648 - app.couch - INFO - Deleting B743D2D4-AE7F-03EC-AA05-4F29389C86C5
2018-07-17 09:22:24,648 - app.couch - INFO - Deleting D88328FB-2CB0-35D5-8E7F-6DEB067AF750
2018-07-17 09:22:24,648 - app.couch - INFO - Deleting DDEBA619-2F4C-F972-80BA-7500E757953B
2018-07-17 09:22:24,648 - app.couch - INFO - Deleting DE429659-2E3C-B606-B276-9F68444F115B
2018-07-17 09:22:24,648 - app.couch - INFO - Deleting EBBA1324-F521-294C-B86B-57D85BAF1EA6
2018-07-17 09:22:24,648 - app.couch - INFO - Deleting ECB03117-9B73-7FF6-9415-B627D457A449
2018-07-17 09:22:24,648 - app.couch - INFO - Deleting FB0494C4-BD23-2FDA-AC58-B249FC58FCDD
2018-07-17 09:22:24,648 - app.couch - INFO - Deleting FCC6F946-CB97-92B7-AC76-DD98A8441C8B
2018-07-17 09:22:24,648 - app.couch - INFO - Skipping _design/medic
2018-07-17 09:22:24,649 - app.couch - INFO - Skipping _design/medic-client
2018-07-17 09:22:24,649 - app.couch - INFO - Skipping _design/medic-conflicts
2018-07-17 09:22:24,649 - app.couch - INFO - Deleting appcache
2018-07-17 09:22:24,649 - app.couch - INFO - Deleting b12aec8e0880aff77846c40b0c319122
2018-07-17 09:22:24,649 - app.couch - INFO - Deleting messages-bm
2018-07-17 09:22:24,649 - app.couch - INFO - Deleting messages-bm-backup
2018-07-17 09:22:24,649 - app.couch - INFO - Deleting messages-en
2018-07-17 09:22:24,649 - app.couch - INFO - Deleting messages-en-backup
2018-07-17 09:22:24,649 - app.couch - INFO - Deleting messages-es
2018-07-17 09:22:24,649 - app.couch - INFO - Deleting messages-es-backup
2018-07-17 09:22:24,650 - app.couch - INFO - Deleting messages-fr
2018-07-17 09:22:24,650 - app.couch - INFO - Deleting messages-fr-backup
2018-07-17 09:22:24,650 - app.couch - INFO - Deleting messages-hi
2018-07-17 09:22:24,650 - app.couch - INFO - Deleting messages-hi-backup
2018-07-17 09:22:24,650 - app.couch - INFO - Deleting messages-id
2018-07-17 09:22:24,650 - app.couch - INFO - Deleting messages-id-backup
2018-07-17 09:22:24,650 - app.couch - INFO - Deleting messages-ne
2018-07-17 09:22:24,650 - app.couch - INFO - Deleting messages-ne-backup
2018-07-17 09:22:24,650 - app.couch - INFO - Deleting messages-sw
2018-07-17 09:22:24,650 - app.couch - INFO - Deleting messages-sw-backup
2018-07-17 09:22:24,650 - app.couch - INFO - Deleting migration-log
2018-07-17 09:22:24,651 - app.couch - INFO - Deleting org.couchdb.user:aanyuc
2018-07-17 09:22:24,651 - app.couch - INFO - Deleting org.couchdb.user:aboteop
2018-07-17 09:22:24,651 - app.couch - INFO - Deleting org.couchdb.user:achoma
2018-07-17 09:22:24,651 - app.couch - INFO - Deleting org.couchdb.user:admin
2018-07-17 09:22:24,651 - app.couch - INFO - Deleting org.couchdb.user:akellof
2018-07-17 09:22:24,651 - app.couch - INFO - Deleting org.couchdb.user:akellok
2018-07-17 09:22:24,651 - app.couch - INFO - Deleting org.couchdb.user:akolf
2018-07-17 09:22:24,651 - app.couch - INFO - Deleting org.couchdb.user:alibatyam
2018-07-17 09:22:24,652 - app.couch - INFO - Deleting org.couchdb.user:alikobaa
2018-07-17 09:22:24,652 - app.couch - INFO - Deleting org.couchdb.user:arindaa
2018-07-17 09:22:24,652 - app.couch - INFO - Deleting org.couchdb.user:ashah
2018-07-17 09:22:24,652 - app.couch - INFO - Deleting org.couchdb.user:asiimwej
2018-07-17 09:22:24,652 - app.couch - INFO - Deleting org.couchdb.user:asiimwem
2018-07-17 09:22:24,652 - app.couch - INFO - Deleting org.couchdb.user:asiimwep
2018-07-17 09:22:24,652 - app.couch - INFO - Deleting org.couchdb.user:aworij
2018-07-17 09:22:24,652 - app.couch - INFO - Deleting org.couchdb.user:awuliran
2018-07-17 09:22:24,652 - app.couch - INFO - Deleting org.couchdb.user:aziratetwas
2018-07-17 09:22:24,652 - app.couch - INFO - Deleting org.couchdb.user:baagaraj
2018-07-17 09:22:24,653 - app.couch - INFO - Deleting org.couchdb.user:babeeyor
2018-07-17 09:22:24,653 - app.couch - INFO - Deleting org.couchdb.user:babiryeb
2018-07-17 09:22:24,653 - app.couch - INFO - Deleting org.couchdb.user:babiryee
2018-07-17 09:22:24,653 - app.couch - INFO - Deleting org.couchdb.user:babiryem
2018-07-17 09:22:24,653 - app.couch - INFO - Deleting org.couchdb.user:babiryer
2018-07-17 09:22:24,653 - app.couch - INFO - Deleting org.couchdb.user:babular
2018-07-17 09:22:24,653 - app.couch - INFO - Deleting org.couchdb.user:babumbaf
2018-07-17 09:22:24,653 - app.couch - INFO - Deleting org.couchdb.user:bafukawaj
2018-07-17 09:22:24,653 - app.couch - INFO - Deleting org.couchdb.user:bagagaj
2018-07-17 09:22:24,653 - app.couch - INFO - Deleting org.couchdb.user:bakairar
2018-07-17 09:22:24,653 - app.couch - INFO - Deleting org.couchdb.user:bakoi
2018-07-17 09:22:24,653 - app.couch - INFO - Deleting org.couchdb.user:baleetaj
2018-07-17 09:22:24,654 - app.couch - INFO - Deleting org.couchdb.user:balikalabar
2018-07-17 09:22:24,654 - app.couch - INFO - Deleting org.couchdb.user:balisanyukas
2018-07-17 09:22:24,654 - app.couch - INFO - Deleting org.couchdb.user:batambuzes
2018-07-17 09:22:24,654 - app.couch - INFO - Deleting org.couchdb.user:batwaulao
2018-07-17 09:22:24,654 - app.couch - INFO - Deleting org.couchdb.user:bede
2018-07-17 09:22:24,654 - app.couch - INFO - Deleting org.couchdb.user:bedetester
2018-07-17 09:22:24,654 - app.couch - INFO - Deleting org.couchdb.user:bettyb
2018-07-17 09:22:24,654 - app.couch - INFO - Deleting org.couchdb.user:bettyse
2018-07-17 09:22:24,654 - app.couch - INFO - Deleting org.couchdb.user:biirag
2018-07-17 09:22:24,654 - app.couch - INFO - Deleting org.couchdb.user:birabwae
2018-07-17 09:22:24,654 - app.couch - INFO - Deleting org.couchdb.user:birabwah
2018-07-17 09:22:24,654 - app.couch - INFO - Deleting org.couchdb.user:bireetwaa
2018-07-17 09:22:24,655 - app.couch - INFO - Deleting org.couchdb.user:birungil
2018-07-17 09:22:24,655 - app.couch - INFO - Deleting org.couchdb.user:bitalip
2018-07-17 09:22:24,655 - app.couch - INFO - Deleting org.couchdb.user:bongolej
2018-07-17 09:22:24,655 - app.couch - INFO - Deleting org.couchdb.user:branch_manager
2018-07-17 09:22:24,655 - app.couch - INFO - Deleting org.couchdb.user:bukenyam
2018-07-17 09:22:24,655 - app.couch - INFO - Deleting org.couchdb.user:bulasav
2018-07-17 09:22:24,655 - app.couch - INFO - Deleting org.couchdb.user:bulijjoa
2018-07-17 09:22:24,655 - app.couch - INFO - Deleting org.couchdb.user:bulubas
2018-07-17 09:22:24,655 - app.couch - INFO - Deleting org.couchdb.user:byamukamar
2018-07-17 09:22:24,655 - app.couch - INFO - Deleting org.couchdb.user:catess
2018-07-17 09:22:24,655 - app.couch - INFO - Deleting org.couchdb.user:catherinena1
2018-07-17 09:22:24,655 - app.couch - INFO - Deleting org.couchdb.user:chesangam
2018-07-17 09:22:24,655 - app.couch - INFO - Deleting org.couchdb.user:christinen
2018-07-17 09:22:24,655 - app.couch - INFO - Deleting org.couchdb.user:crosswalk_test
2018-07-17 09:22:24,656 - app.couch - INFO - Deleting org.couchdb.user:deborahsw
2018-07-17 09:22:24,656 - app.couch - INFO - Deleting org.couchdb.user:demo
2018-07-17 09:22:24,656 - app.couch - INFO - Deleting org.couchdb.user:demo1
2018-07-17 09:22:24,656 - app.couch - INFO - Deleting org.couchdb.user:demo2
2018-07-17 09:22:24,656 - app.couch - INFO - Deleting org.couchdb.user:demo3
2018-07-17 09:22:24,656 - app.couch - INFO - Deleting org.couchdb.user:demo4
2018-07-17 09:22:24,656 - app.couch - INFO - Deleting org.couchdb.user:demo5
2018-07-17 09:22:24,656 - app.couch - INFO - Deleting org.couchdb.user:fakeuser
2018-07-17 09:22:24,656 - app.couch - INFO - Deleting org.couchdb.user:florences
2018-07-17 09:22:24,656 - app.couch - INFO - Deleting org.couchdb.user:full_access
2018-07-17 09:22:24,656 - app.couch - INFO - Deleting org.couchdb.user:genod
2018-07-17 09:22:24,656 - app.couch - INFO - Deleting org.couchdb.user:hajatir
2018-07-17 09:22:24,657 - app.couch - INFO - Deleting org.couchdb.user:hajjatz
2018-07-17 09:22:24,657 - app.couch - INFO - Deleting org.couchdb.user:harietn
2018-07-17 09:22:24,657 - app.couch - INFO - Deleting org.couchdb.user:harrietk
2018-07-17 09:22:24,657 - app.couch - INFO - Deleting org.couchdb.user:ibandam
2018-07-17 09:22:24,657 - app.couch - INFO - Deleting org.couchdb.user:ibandamo
2018-07-17 09:22:24,657 - app.couch - INFO - Deleting org.couchdb.user:ingabireg
2018-07-17 09:22:24,657 - app.couch - INFO - Deleting org.couchdb.user:invalid
2018-07-17 09:22:24,657 - app.couch - INFO - Deleting org.couchdb.user:invalid user
2018-07-17 09:22:24,657 - app.couch - INFO - Deleting org.couchdb.user:invaliduser
2018-07-17 09:22:24,657 - app.couch - INFO - Deleting org.couchdb.user:irenem
2018-07-17 09:22:24,657 - app.couch - INFO - Deleting org.couchdb.user:iwiirer
2018-07-17 09:22:24,657 - app.couch - INFO - Deleting org.couchdb.user:jjingos
2018-07-17 09:22:24,657 - app.couch - INFO - Deleting org.couchdb.user:jjumbap
2018-07-17 09:22:24,657 - app.couch - INFO - Deleting org.couchdb.user:jonesl
2018-07-17 09:22:24,658 - app.couch - INFO - Deleting org.couchdb.user:kabasindia
2018-07-17 09:22:24,658 - app.couch - INFO - Deleting org.couchdb.user:kadogod
2018-07-17 09:22:24,658 - app.couch - INFO - Deleting org.couchdb.user:kagoyaj
2018-07-17 09:22:24,658 - app.couch - INFO - Deleting org.couchdb.user:kagoyajo
2018-07-17 09:22:24,658 - app.couch - INFO - Deleting org.couchdb.user:kajubim
2018-07-17 09:22:24,658 - app.couch - INFO - Deleting org.couchdb.user:kakaia
2018-07-17 09:22:24,658 - app.couch - INFO - Deleting org.couchdb.user:kakaik
2018-07-17 09:22:24,658 - app.couch - INFO - Deleting org.couchdb.user:kakayis
2018-07-17 09:22:24,658 - app.couch - INFO - Deleting org.couchdb.user:kakindal
2018-07-17 09:22:24,658 - app.couch - INFO - Deleting org.couchdb.user:kakuukuh
2018-07-17 09:22:24,658 - app.couch - INFO - Deleting org.couchdb.user:kambogoj
2018-07-17 09:22:24,658 - app.couch - INFO - Deleting org.couchdb.user:kaperer
2018-07-17 09:22:24,658 - app.couch - INFO - Deleting org.couchdb.user:kasandem
2018-07-17 09:22:24,658 - app.couch - INFO - Deleting org.couchdb.user:kasoigob
2018-07-17 09:22:24,658 - app.couch - INFO - Deleting org.couchdb.user:katabazih
2018-07-17 09:22:24,659 - app.couch - INFO - Deleting org.couchdb.user:katalir
2018-07-17 09:22:24,659 - app.couch - INFO - Deleting org.couchdb.user:katamij
2018-07-17 09:22:24,659 - app.couch - INFO - Deleting org.couchdb.user:katanzil
2018-07-17 09:22:24,659 - app.couch - INFO - Deleting org.couchdb.user:katendek
2018-07-17 09:22:24,659 - app.couch - INFO - Deleting org.couchdb.user:katengwar
2018-07-17 09:22:24,659 - app.couch - INFO - Deleting org.couchdb.user:katimbob
2018-07-17 09:22:24,659 - app.couch - INFO - Deleting org.couchdb.user:katulam
2018-07-17 09:22:24,659 - app.couch - INFO - Deleting org.couchdb.user:katusiimec
2018-07-17 09:22:24,659 - app.couch - INFO - Deleting org.couchdb.user:kaudhae
2018-07-17 09:22:24,659 - app.couch - INFO - Deleting org.couchdb.user:kawalar
2018-07-17 09:22:24,659 - app.couch - INFO - Deleting org.couchdb.user:kawooyap
2018-07-17 09:22:24,659 - app.couch - INFO - Deleting org.couchdb.user:kawudhap
2018-07-17 09:22:24,659 - app.couch - INFO - Deleting org.couchdb.user:kayagam
2018-07-17 09:22:24,659 - app.couch - INFO - Deleting org.couchdb.user:kayagar
2018-07-17 09:22:24,660 - app.couch - INFO - Deleting org.couchdb.user:kazibal
2018-07-17 09:22:24,660 - app.couch - INFO - Deleting org.couchdb.user:kenk
2018-07-17 09:22:24,660 - app.couch - INFO - Deleting org.couchdb.user:kennk
2018-07-17 09:22:24,660 - app.couch - INFO - Deleting org.couchdb.user:khainzab
2018-07-17 09:22:24,660 - app.couch - INFO - Deleting org.couchdb.user:khainzafl
2018-07-17 09:22:24,660 - app.couch - INFO - Deleting org.couchdb.user:khainzah
2018-07-17 09:22:24,660 - app.couch - INFO - Deleting org.couchdb.user:kibalamak
2018-07-17 09:22:24,660 - app.couch - INFO - Deleting org.couchdb.user:kigongom
2018-07-17 09:22:24,660 - app.couch - INFO - Deleting org.couchdb.user:kigongor
2018-07-17 09:22:24,660 - app.couch - INFO - Deleting org.couchdb.user:kiiryaa
2018-07-17 09:22:24,661 - app.couch - INFO - Deleting org.couchdb.user:kiizae
2018-07-17 09:22:24,661 - app.couch - INFO - Deleting org.couchdb.user:kikooyes
2018-07-17 09:22:24,661 - app.couch - INFO - Deleting org.couchdb.user:kimalyor
2018-07-17 09:22:24,661 - app.couch - INFO - Deleting org.couchdb.user:kimerar
2018-07-17 09:22:24,661 - app.couch - INFO - Deleting org.couchdb.user:kisaakyej
2018-07-17 09:22:24,661 - app.couch - INFO - Deleting org.couchdb.user:kisiryeh
2018-07-17 09:22:24,661 - app.couch - INFO - Deleting org.couchdb.user:kivumbir
2018-07-17 09:22:24,661 - app.couch - INFO - Deleting org.couchdb.user:kiwanukaj
2018-07-17 09:22:24,661 - app.couch - INFO - Deleting org.couchdb.user:kokuberau
2018-07-17 09:22:24,661 - app.couch - INFO - Deleting org.couchdb.user:koloyit
2018-07-17 09:22:24,661 - app.couch - INFO - Deleting org.couchdb.user:kusolos
2018-07-17 09:22:24,662 - app.couch - INFO - Deleting org.couchdb.user:kwagalal
2018-07-17 09:22:24,662 - app.couch - INFO - Deleting org.couchdb.user:kyadondom
2018-07-17 09:22:24,662 - app.couch - INFO - Deleting org.couchdb.user:kyambadeb
2018-07-17 09:22:24,662 - app.couch - INFO - Deleting org.couchdb.user:kyazzee
2018-07-17 09:22:24,662 - app.couch - INFO - Deleting org.couchdb.user:kyobem
2018-07-17 09:22:24,662 - app.couch - INFO - Deleting org.couchdb.user:kyomuhangig
2018-07-17 09:22:24,662 - app.couch - INFO - Deleting org.couchdb.user:leonardsh
2018-07-17 09:22:24,662 - app.couch - INFO - Deleting org.couchdb.user:lgadmin1
2018-07-17 09:22:24,662 - app.couch - INFO - Deleting org.couchdb.user:lugumyae
2018-07-17 09:22:24,662 - app.couch - INFO - Deleting org.couchdb.user:lukwayam
2018-07-17 09:22:24,662 - app.couch - INFO - Deleting org.couchdb.user:lunkuser
2018-07-17 09:22:24,662 - app.couch - INFO - Deleting org.couchdb.user:lutaayaj
2018-07-17 09:22:24,662 - app.couch - INFO - Deleting org.couchdb.user:lutabia
2018-07-17 09:22:24,663 - app.couch - INFO - Deleting org.couchdb.user:mabiriizie
2018-07-17 09:22:24,663 - app.couch - INFO - Deleting org.couchdb.user:mafabim
2018-07-17 09:22:24,663 - app.couch - INFO - Deleting org.couchdb.user:makabayl
2018-07-17 09:22:24,663 - app.couch - INFO - Deleting org.couchdb.user:makawar
2018-07-17 09:22:24,663 - app.couch - INFO - Deleting org.couchdb.user:makwetas
2018-07-17 09:22:24,663 - app.couch - INFO - Deleting org.couchdb.user:manager
2018-07-17 09:22:24,663 - app.couch - INFO - Deleting org.couchdb.user:margretk
2018-07-17 09:22:24,663 - app.couch - INFO - Deleting org.couchdb.user:masembee
2018-07-17 09:22:24,663 - app.couch - INFO - Deleting org.couchdb.user:matovum
2018-07-17 09:22:24,663 - app.couch - INFO - Deleting org.couchdb.user:matovuv
2018-07-17 09:22:24,663 - app.couch - INFO - Deleting org.couchdb.user:mayanjaf
2018-07-17 09:22:24,663 - app.couch - INFO - Deleting org.couchdb.user:mayombwei
2018-07-17 09:22:24,663 - app.couch - INFO - Deleting org.couchdb.user:mbabazil
2018-07-17 09:22:24,664 - app.couch - INFO - Deleting org.couchdb.user:mbadhih
2018-07-17 09:22:24,664 - app.couch - INFO - Deleting org.couchdb.user:mirembee
2018-07-17 09:22:24,664 - app.couch - INFO - Deleting org.couchdb.user:mirembel
2018-07-17 09:22:24,664 - app.couch - INFO - Deleting org.couchdb.user:mirembes
2018-07-17 09:22:24,664 - app.couch - INFO - Deleting org.couchdb.user:mpiigah
2018-07-17 09:22:24,664 - app.couch - INFO - Deleting org.couchdb.user:mubirul
2018-07-17 09:22:24,664 - app.couch - INFO - Deleting org.couchdb.user:mubirum
2018-07-17 09:22:24,664 - app.couch - INFO - Deleting org.couchdb.user:mubiruma
2018-07-17 09:22:24,664 - app.couch - INFO - Deleting org.couchdb.user:mudhunguh
2018-07-17 09:22:24,664 - app.couch - INFO - Deleting org.couchdb.user:mudondoa
2018-07-17 09:22:24,664 - app.couch - INFO - Deleting org.couchdb.user:mugabic
2018-07-17 09:22:24,664 - app.couch - INFO - Deleting org.couchdb.user:mugayar
2018-07-17 09:22:24,664 - app.couch - INFO - Deleting org.couchdb.user:mugerwae
2018-07-17 09:22:24,664 - app.couch - INFO - Deleting org.couchdb.user:mugerwak
2018-07-17 09:22:24,664 - app.couch - INFO - Deleting org.couchdb.user:mugezip
2018-07-17 09:22:24,664 - app.couch - INFO - Deleting org.couchdb.user:mugombak
2018-07-17 09:22:24,664 - app.couch - INFO - Deleting org.couchdb.user:mukajangam
2018-07-17 09:22:24,664 - app.couch - INFO - Deleting org.couchdb.user:mukasaj
2018-07-17 09:22:24,664 - app.couch - INFO - Deleting org.couchdb.user:mukiibie
2018-07-17 09:22:24,664 - app.couch - INFO - Deleting org.couchdb.user:mukodaw
2018-07-17 09:22:24,664 - app.couch - INFO - Deleting org.couchdb.user:mukodhap
2018-07-17 09:22:24,665 - app.couch - INFO - Deleting org.couchdb.user:mukyalap
2018-07-17 09:22:24,672 - app.couch - INFO - Deleting org.couchdb.user:mulikizaz
2018-07-17 09:22:24,673 - app.couch - INFO - Deleting org.couchdb.user:mulimab
2018-07-17 09:22:24,673 - app.couch - INFO - Deleting org.couchdb.user:musanjee
2018-07-17 09:22:24,673 - app.couch - INFO - Deleting org.couchdb.user:musasizim
2018-07-17 09:22:24,673 - app.couch - INFO - Deleting org.couchdb.user:musisim
2018-07-17 09:22:24,673 - app.couch - INFO - Deleting org.couchdb.user:musisip
2018-07-17 09:22:24,673 - app.couch - INFO - Deleting org.couchdb.user:musokef
2018-07-17 09:22:24,673 - app.couch - INFO - Deleting org.couchdb.user:musokit
2018-07-17 09:22:24,673 - app.couch - INFO - Deleting org.couchdb.user:musulop
2018-07-17 09:22:24,673 - app.couch - INFO - Deleting org.couchdb.user:mutabazif
2018-07-17 09:22:24,674 - app.couch - INFO - Deleting org.couchdb.user:mutesin
2018-07-17 09:22:24,674 - app.couch - INFO - Deleting org.couchdb.user:muthethuj
2018-07-17 09:22:24,674 - app.couch - INFO - Deleting org.couchdb.user:mutonyia
2018-07-17 09:22:24,674 - app.couch - INFO - Deleting org.couchdb.user:muwamsel
2018-07-17 09:22:24,674 - app.couch - INFO - Deleting org.couchdb.user:muwangas
2018-07-17 09:22:24,674 - app.couch - INFO - Deleting org.couchdb.user:muzirac
2018-07-17 09:22:24,674 - app.couch - INFO - Deleting org.couchdb.user:muzirap
2018-07-17 09:22:24,674 - app.couch - INFO - Deleting org.couchdb.user:naalis
2018-07-17 09:22:24,674 - app.couch - INFO - Deleting org.couchdb.user:nababil
2018-07-17 09:22:24,674 - app.couch - INFO - Deleting org.couchdb.user:nabanakulyas
2018-07-17 09:22:24,675 - app.couch - INFO - Deleting org.couchdb.user:nabanjaj
2018-07-17 09:22:24,675 - app.couch - INFO - Deleting org.couchdb.user:nabatanzik
2018-07-17 09:22:24,675 - app.couch - INFO - Deleting org.couchdb.user:nabatanzim
2018-07-17 09:22:24,675 - app.couch - INFO - Deleting org.couchdb.user:nabateesaz
2018-07-17 09:22:24,675 - app.couch - INFO - Deleting org.couchdb.user:nabayegom
2018-07-17 09:22:24,675 - app.couch - INFO - Deleting org.couchdb.user:nabiryeg
2018-07-17 09:22:24,675 - app.couch - INFO - Deleting org.couchdb.user:nabiryei
2018-07-17 09:22:24,675 - app.couch - INFO - Deleting org.couchdb.user:nabiryej
2018-07-17 09:22:24,675 - app.couch - INFO - Deleting org.couchdb.user:nabiryeju
2018-07-17 09:22:24,675 - app.couch - INFO - Deleting org.couchdb.user:nabiryel
2018-07-17 09:22:24,675 - app.couch - INFO - Deleting org.couchdb.user:nabukaluf
2018-07-17 09:22:24,675 - app.couch - INFO - Deleting org.couchdb.user:nabukwasih
2018-07-17 09:22:24,676 - app.couch - INFO - Deleting org.couchdb.user:nabulyar
2018-07-17 09:22:24,676 - app.couch - INFO - Deleting org.couchdb.user:nabuyungos
2018-07-17 09:22:24,676 - app.couch - INFO - Deleting org.couchdb.user:nabwamiv
2018-07-17 09:22:24,676 - app.couch - INFO - Deleting org.couchdb.user:nadungac
2018-07-17 09:22:24,676 - app.couch - INFO - Deleting org.couchdb.user:nagawaf
2018-07-17 09:22:24,676 - app.couch - INFO - Deleting org.couchdb.user:nagudie
2018-07-17 09:22:24,676 - app.couch - INFO - Deleting org.couchdb.user:nagujjab
2018-07-17 09:22:24,676 - app.couch - INFO - Deleting org.couchdb.user:naigagac
2018-07-17 09:22:24,676 - app.couch - INFO - Deleting org.couchdb.user:naigagas
2018-07-17 09:22:24,676 - app.couch - INFO - Deleting org.couchdb.user:naigah
2018-07-17 09:22:24,677 - app.couch - INFO - Deleting org.couchdb.user:naigaj
2018-07-17 09:22:24,677 - app.couch - INFO - Deleting org.couchdb.user:naigas
2018-07-17 09:22:24,677 - app.couch - INFO - Deleting org.couchdb.user:naigembes
2018-07-17 09:22:24,677 - app.couch - INFO - Deleting org.couchdb.user:naigembesa
2018-07-17 09:22:24,677 - app.couch - INFO - Deleting org.couchdb.user:naiwumbweh
2018-07-17 09:22:24,677 - app.couch - INFO - Deleting org.couchdb.user:najjembab
2018-07-17 09:22:24,677 - app.couch - INFO - Deleting org.couchdb.user:najjembas
2018-07-17 09:22:24,677 - app.couch - INFO - Deleting org.couchdb.user:najjukoc
2018-07-17 09:22:24,677 - app.couch - INFO - Deleting org.couchdb.user:najjumam
2018-07-17 09:22:24,677 - app.couch - INFO - Deleting org.couchdb.user:nakabaler
2018-07-17 09:22:24,677 - app.couch - INFO - Deleting org.couchdb.user:nakabuyei
2018-07-17 09:22:24,678 - app.couch - INFO - Deleting org.couchdb.user:nakachwaf
2018-07-17 09:22:24,678 - app.couch - INFO - Deleting org.couchdb.user:nakachwar
2018-07-17 09:22:24,678 - app.couch - INFO - Deleting org.couchdb.user:nakaggwab
2018-07-17 09:22:24,678 - app.couch - INFO - Deleting org.couchdb.user:nakagoloi
2018-07-17 09:22:24,678 - app.couch - INFO - Deleting org.couchdb.user:nakagwar
2018-07-17 09:22:24,678 - app.couch - INFO - Deleting org.couchdb.user:nakakander
2018-07-17 09:22:24,678 - app.couch - INFO - Deleting org.couchdb.user:nakakembos
2018-07-17 09:22:24,678 - app.couch - INFO - Deleting org.couchdb.user:nakamatef
2018-07-17 09:22:24,678 - app.couch - INFO - Deleting org.couchdb.user:nakamyaa
2018-07-17 09:22:24,678 - app.couch - INFO - Deleting org.couchdb.user:nakamyag
2018-07-17 09:22:24,679 - app.couch - INFO - Deleting org.couchdb.user:nakanwagic
2018-07-17 09:22:24,679 - app.couch - INFO - Deleting org.couchdb.user:nakanwagij
2018-07-17 09:22:24,679 - app.couch - INFO - Deleting org.couchdb.user:nakanwagil
2018-07-17 09:22:24,679 - app.couch - INFO - Deleting org.couchdb.user:nakanyikeh
2018-07-17 09:22:24,679 - app.couch - INFO - Deleting org.couchdb.user:nakasii
2018-07-17 09:22:24,679 - app.couch - INFO - Deleting org.couchdb.user:nakatef
2018-07-17 09:22:24,679 - app.couch - INFO - Deleting org.couchdb.user:nakatumbal
2018-07-17 09:22:24,679 - app.couch - INFO - Deleting org.couchdb.user:nakayenzej
2018-07-17 09:22:24,679 - app.couch - INFO - Deleting org.couchdb.user:nakayizaa
2018-07-17 09:22:24,679 - app.couch - INFO - Deleting org.couchdb.user:nakhumutsac
2018-07-17 09:22:24,679 - app.couch - INFO - Deleting org.couchdb.user:nakibirangol
2018-07-17 09:22:24,680 - app.couch - INFO - Deleting org.couchdb.user:nakibuukaj
2018-07-17 09:22:24,680 - app.couch - INFO - Deleting org.couchdb.user:nakibuukam
2018-07-17 09:22:24,680 - app.couch - INFO - Deleting org.couchdb.user:nakiddee
2018-07-17 09:22:24,680 - app.couch - INFO - Deleting org.couchdb.user:nakiddue
2018-07-17 09:22:24,680 - app.couch - INFO - Deleting org.couchdb.user:nakiguddegl
2018-07-17 09:22:24,680 - app.couch - INFO - Deleting org.couchdb.user:nakiryaf
2018-07-17 09:22:24,680 - app.couch - INFO - Deleting org.couchdb.user:nakiryas
2018-07-17 09:22:24,680 - app.couch - INFO - Deleting org.couchdb.user:nakisigeb
2018-07-17 09:22:24,680 - app.couch - INFO - Deleting org.couchdb.user:nakitendef
2018-07-17 09:22:24,680 - app.couch - INFO - Deleting org.couchdb.user:nakitendes
2018-07-17 09:22:24,680 - app.couch - INFO - Deleting org.couchdb.user:nakitoj
2018-07-17 09:22:24,681 - app.couch - INFO - Deleting org.couchdb.user:nakityob
2018-07-17 09:22:24,681 - app.couch - INFO - Deleting org.couchdb.user:nakiwalaj
2018-07-17 09:22:24,681 - app.couch - INFO - Deleting org.couchdb.user:nakkazzig
2018-07-17 09:22:24,681 - app.couch - INFO - Deleting org.couchdb.user:nakkondeg
2018-07-17 09:22:24,681 - app.couch - INFO - Deleting org.couchdb.user:nakkua
2018-07-17 09:22:24,681 - app.couch - INFO - Deleting org.couchdb.user:nakkus
2018-07-17 09:22:24,681 - app.couch - INFO - Deleting org.couchdb.user:nakubulwar
2018-07-17 09:22:24,681 - app.couch - INFO - Deleting org.couchdb.user:nakyazzej
2018-07-17 09:22:24,681 - app.couch - INFO - Deleting org.couchdb.user:nakyobew
2018-07-17 09:22:24,681 - app.couch - INFO - Deleting org.couchdb.user:nalongob
2018-07-17 09:22:24,682 - app.couch - INFO - Deleting org.couchdb.user:nalubegag
2018-07-17 09:22:24,682 - app.couch - INFO - Deleting org.couchdb.user:nalubowad
2018-07-17 09:22:24,682 - app.couch - INFO - Deleting org.couchdb.user:nalukengen
2018-07-17 09:22:24,682 - app.couch - INFO - Deleting org.couchdb.user:nalukobea
2018-07-17 09:22:24,682 - app.couch - INFO - Deleting org.couchdb.user:nalulen
2018-07-17 09:22:24,682 - app.couch - INFO - Deleting org.couchdb.user:nalulev
2018-07-17 09:22:24,682 - app.couch - INFO - Deleting org.couchdb.user:nalulyoe
2018-07-17 09:22:24,682 - app.couch - INFO - Deleting org.couchdb.user:nalungaa
2018-07-17 09:22:24,682 - app.couch - INFO - Deleting org.couchdb.user:nalunkumar
2018-07-17 09:22:24,682 - app.couch - INFO - Deleting org.couchdb.user:naluwoozag
2018-07-17 09:22:24,682 - app.couch - INFO - Deleting org.couchdb.user:nalwangac
2018-07-17 09:22:24,683 - app.couch - INFO - Deleting org.couchdb.user:nalwogac
2018-07-17 09:22:24,683 - app.couch - INFO - Deleting org.couchdb.user:nalwogach
2018-07-17 09:22:24,683 - app.couch - INFO - Deleting org.couchdb.user:namakoyep
2018-07-17 09:22:24,683 - app.couch - INFO - Deleting org.couchdb.user:namalap
2018-07-17 09:22:24,683 - app.couch - INFO - Deleting org.couchdb.user:namalwaf
2018-07-17 09:22:24,683 - app.couch - INFO - Deleting org.couchdb.user:namandeb
2018-07-17 09:22:24,683 - app.couch - INFO - Deleting org.couchdb.user:namatakat
2018-07-17 09:22:24,683 - app.couch - INFO - Deleting org.couchdb.user:namatovul
2018-07-17 09:22:24,684 - app.couch - INFO - Deleting org.couchdb.user:namatovur
2018-07-17 09:22:24,684 - app.couch - INFO - Deleting org.couchdb.user:namatovuw
2018-07-17 09:22:24,684 - app.couch - INFO - Deleting org.couchdb.user:namayanjaf
2018-07-17 09:22:24,684 - app.couch - INFO - Deleting org.couchdb.user:namayanjas
2018-07-17 09:22:24,685 - app.couch - INFO - Deleting org.couchdb.user:nambalirwag
2018-07-17 09:22:24,685 - app.couch - INFO - Deleting org.couchdb.user:nambavuf
2018-07-17 09:22:24,685 - app.couch - INFO - Deleting org.couchdb.user:namboozej
2018-07-17 09:22:24,685 - app.couch - INFO - Deleting org.couchdb.user:nambotec
2018-07-17 09:22:24,686 - app.couch - INFO - Deleting org.couchdb.user:nambozoa
2018-07-17 09:22:24,686 - app.couch - INFO - Deleting org.couchdb.user:nambozoh
2018-07-17 09:22:24,686 - app.couch - INFO - Deleting org.couchdb.user:nambozol
2018-07-17 09:22:24,686 - app.couch - INFO - Deleting org.couchdb.user:nambozop
2018-07-17 09:22:24,686 - app.couch - INFO - Deleting org.couchdb.user:nambozos
2018-07-17 09:22:24,686 - app.couch - INFO - Deleting org.couchdb.user:nambusih
2018-07-17 09:22:24,686 - app.couch - INFO - Deleting org.couchdb.user:nambuyal
2018-07-17 09:22:24,687 - app.couch - INFO - Deleting org.couchdb.user:nambuyao
2018-07-17 09:22:24,687 - app.couch - INFO - Deleting org.couchdb.user:nambuyar
2018-07-17 09:22:24,687 - app.couch - INFO - Deleting org.couchdb.user:nambuyas
2018-07-17 09:22:24,687 - app.couch - INFO - Deleting org.couchdb.user:nambyayoj
2018-07-17 09:22:24,687 - app.couch - INFO - Deleting org.couchdb.user:namisangom
2018-07-17 09:22:24,687 - app.couch - INFO - Deleting org.couchdb.user:namonoj
2018-07-17 09:22:24,687 - app.couch - INFO - Deleting org.couchdb.user:nampalay
2018-07-17 09:22:24,687 - app.couch - INFO - Deleting org.couchdb.user:namubiruj
2018-07-17 09:22:24,687 - app.couch - INFO - Deleting org.couchdb.user:namuddue
2018-07-17 09:22:24,687 - app.couch - INFO - Deleting org.couchdb.user:namuddus
2018-07-17 09:22:24,687 - app.couch - INFO - Deleting org.couchdb.user:namufutas
2018-07-17 09:22:24,688 - app.couch - INFO - Deleting org.couchdb.user:namugerer
2018-07-17 09:22:24,688 - app.couch - INFO - Deleting org.couchdb.user:namuggas
2018-07-17 09:22:24,688 - app.couch - INFO - Deleting org.couchdb.user:namugoseb
2018-07-17 09:22:24,688 - app.couch - INFO - Deleting org.couchdb.user:namukasaa
2018-07-17 09:22:24,688 - app.couch - INFO - Deleting org.couchdb.user:namukasacr
2018-07-17 09:22:24,688 - app.couch - INFO - Deleting org.couchdb.user:namukasah
2018-07-17 09:22:24,688 - app.couch - INFO - Deleting org.couchdb.user:namukasar
2018-07-17 09:22:24,688 - app.couch - INFO - Deleting org.couchdb.user:namulemap
2018-07-17 09:22:24,688 - app.couch - INFO - Deleting org.couchdb.user:namulondoj
2018-07-17 09:22:24,688 - app.couch - INFO - Deleting org.couchdb.user:namusisip
2018-07-17 09:22:24,688 - app.couch - INFO - Deleting org.couchdb.user:namusokes
2018-07-17 09:22:24,689 - app.couch - INFO - Deleting org.couchdb.user:namutebib
2018-07-17 09:22:24,689 - app.couch - INFO - Deleting org.couchdb.user:namutebim
2018-07-17 09:22:24,689 - app.couch - INFO - Deleting org.couchdb.user:namutebis
2018-07-17 09:22:24,689 - app.couch - INFO - Deleting org.couchdb.user:namutosic
2018-07-17 09:22:24,689 - app.couch - INFO - Deleting org.couchdb.user:namuyimbwar
2018-07-17 09:22:24,689 - app.couch - INFO - Deleting org.couchdb.user:namwangaj
2018-07-17 09:22:24,689 - app.couch - INFO - Deleting org.couchdb.user:namwanjeh
2018-07-17 09:22:24,689 - app.couch - INFO - Deleting org.couchdb.user:namwases
2018-07-17 09:22:24,689 - app.couch - INFO - Deleting org.couchdb.user:namwembef
2018-07-17 09:22:24,689 - app.couch - INFO - Deleting org.couchdb.user:namyalos
2018-07-17 09:22:24,689 - app.couch - INFO - Deleting org.couchdb.user:nandiyij
2018-07-17 09:22:24,690 - app.couch - INFO - Deleting org.couchdb.user:nandutur
2018-07-17 09:22:24,690 - app.couch - INFO - Deleting org.couchdb.user:nandutus
2018-07-17 09:22:24,690 - app.couch - INFO - Deleting org.couchdb.user:nangobir
2018-07-17 09:22:24,690 - app.couch - INFO - Deleting org.couchdb.user:nankabirwan
2018-07-17 09:22:24,690 - app.couch - INFO - Deleting org.couchdb.user:nankyaj
2018-07-17 09:22:24,690 - app.couch - INFO - Deleting org.couchdb.user:nankyam
2018-07-17 09:22:24,690 - app.couch - INFO - Deleting org.couchdb.user:nanozis
2018-07-17 09:22:24,690 - app.couch - INFO - Deleting org.couchdb.user:nansambac
2018-07-17 09:22:24,690 - app.couch - INFO - Deleting org.couchdb.user:nantegej
2018-07-17 09:22:24,690 - app.couch - INFO - Deleting org.couchdb.user:nantej
2018-07-17 09:22:24,690 - app.couch - INFO - Deleting org.couchdb.user:nantezaf
2018-07-17 09:22:24,690 - app.couch - INFO - Deleting org.couchdb.user:nantezas
2018-07-17 09:22:24,691 - app.couch - INFO - Deleting org.couchdb.user:nantongoj
2018-07-17 09:22:24,691 - app.couch - INFO - Deleting org.couchdb.user:nantongom
2018-07-17 09:22:24,691 - app.couch - INFO - Deleting org.couchdb.user:nantongoma
2018-07-17 09:22:24,691 - app.couch - INFO - Deleting org.couchdb.user:nantumed
2018-07-17 09:22:24,691 - app.couch - INFO - Deleting org.couchdb.user:nanyanzif
2018-07-17 09:22:24,691 - app.couch - INFO - Deleting org.couchdb.user:nanyanzim
2018-07-17 09:22:24,691 - app.couch - INFO - Deleting org.couchdb.user:nanyombir
2018-07-17 09:22:24,691 - app.couch - INFO - Deleting org.couchdb.user:nanyongas
2018-07-17 09:22:24,691 - app.couch - INFO - Deleting org.couchdb.user:nasonkoh
2018-07-17 09:22:24,691 - app.couch - INFO - Deleting org.couchdb.user:natumanyap
2018-07-17 09:22:24,691 - app.couch - INFO - Deleting org.couchdb.user:natuwheraj
2018-07-17 09:22:24,691 - app.couch - INFO - Deleting org.couchdb.user:nayengai
2018-07-17 09:22:24,692 - app.couch - INFO - Deleting org.couchdb.user:nayigaf
2018-07-17 09:22:24,692 - app.couch - INFO - Deleting org.couchdb.user:nazziwaj
2018-07-17 09:22:24,692 - app.couch - INFO - Deleting org.couchdb.user:ndaganoa
2018-07-17 09:22:24,692 - app.couch - INFO - Deleting org.couchdb.user:ndagiref
2018-07-17 09:22:24,692 - app.couch - INFO - Deleting org.couchdb.user:ndagirel
2018-07-17 09:22:24,692 - app.couch - INFO - Deleting org.couchdb.user:nkambwes
2018-07-17 09:22:24,692 - app.couch - INFO - Deleting org.couchdb.user:nserekop
2018-07-17 09:22:24,692 - app.couch - INFO - Deleting org.couchdb.user:nsubugaz
2018-07-17 09:22:24,692 - app.couch - INFO - Deleting org.couchdb.user:ntambij
2018-07-17 09:22:24,692 - app.couch - INFO - Deleting org.couchdb.user:ntimbaj
2018-07-17 09:22:24,692 - app.couch - INFO - Deleting org.couchdb.user:nyagor
2018-07-17 09:22:24,692 - app.couch - INFO - Deleting org.couchdb.user:nyirabuntur
2018-07-17 09:22:24,692 - app.couch - INFO - Deleting org.couchdb.user:nyomeraa
2018-07-17 09:22:24,693 - app.couch - INFO - Deleting org.couchdb.user:obual
2018-07-17 09:22:24,693 - app.couch - INFO - Deleting org.couchdb.user:ochiengs
2018-07-17 09:22:24,693 - app.couch - INFO - Deleting org.couchdb.user:okaos
2018-07-17 09:22:24,693 - app.couch - INFO - Deleting org.couchdb.user:okellowa
2018-07-17 09:22:24,693 - app.couch - INFO - Deleting org.couchdb.user:okukub
2018-07-17 09:22:24,693 - app.couch - INFO - Deleting org.couchdb.user:othienoe
2018-07-17 09:22:24,693 - app.couch - INFO - Deleting org.couchdb.user:oyellad
2018-07-17 09:22:24,693 - app.couch - INFO - Deleting org.couchdb.user:paulba
2018-07-17 09:22:24,693 - app.couch - INFO - Deleting org.couchdb.user:sabanoc
2018-07-17 09:22:24,693 - app.couch - INFO - Deleting org.couchdb.user:sadikiha
2018-07-17 09:22:24,693 - app.couch - INFO - Deleting org.couchdb.user:saudan
2018-07-17 09:22:24,693 - app.couch - INFO - Deleting org.couchdb.user:sebugwaawob
2018-07-17 09:22:24,694 - app.couch - INFO - Deleting org.couchdb.user:sekagyas
2018-07-17 09:22:24,694 - app.couch - INFO - Deleting org.couchdb.user:semamboj
2018-07-17 09:22:24,694 - app.couch - INFO - Deleting org.couchdb.user:semayobeh
2018-07-17 09:22:24,694 - app.couch - INFO - Deleting org.couchdb.user:sembuzim
2018-07-17 09:22:24,694 - app.couch - INFO - Deleting org.couchdb.user:sendaular
2018-07-17 09:22:24,694 - app.couch - INFO - Deleting org.couchdb.user:sendaulas
2018-07-17 09:22:24,694 - app.couch - INFO - Deleting org.couchdb.user:sentamuc
2018-07-17 09:22:24,694 - app.couch - INFO - Deleting org.couchdb.user:sentongoe
2018-07-17 09:22:24,694 - app.couch - INFO - Deleting org.couchdb.user:senyongam
2018-07-17 09:22:24,694 - app.couch - INFO - Deleting org.couchdb.user:serugundaa
2018-07-17 09:22:24,694 - app.couch - INFO - Deleting org.couchdb.user:serunjojic
2018-07-17 09:22:24,694 - app.couch - INFO - Deleting org.couchdb.user:sisyeh
2018-07-17 09:22:24,695 - app.couch - INFO - Deleting org.couchdb.user:ssalin
2018-07-17 09:22:24,695 - app.couch - INFO - Deleting org.couchdb.user:ssebagalam
2018-07-17 09:22:24,695 - app.couch - INFO - Deleting org.couchdb.user:ssebakijjem
2018-07-17 09:22:24,695 - app.couch - INFO - Deleting org.couchdb.user:ssebyalaf
2018-07-17 09:22:24,695 - app.couch - INFO - Deleting org.couchdb.user:ssekamanyam
2018-07-17 09:22:24,695 - app.couch - INFO - Deleting org.couchdb.user:ssekanjjaj
2018-07-17 09:22:24,695 - app.couch - INFO - Deleting org.couchdb.user:ssekasambac
2018-07-17 09:22:24,695 - app.couch - INFO - Deleting org.couchdb.user:ssekisakam
2018-07-17 09:22:24,695 - app.couch - INFO - Deleting org.couchdb.user:ssekonos
2018-07-17 09:22:24,695 - app.couch - INFO - Deleting org.couchdb.user:ssemakulah
2018-07-17 09:22:24,695 - app.couch - INFO - Deleting org.couchdb.user:ssemujjum
2018-07-17 09:22:24,695 - app.couch - INFO - Deleting org.couchdb.user:ssenyonjof
2018-07-17 09:22:24,696 - app.couch - INFO - Deleting org.couchdb.user:sserebej
2018-07-17 09:22:24,696 - app.couch - INFO - Deleting org.couchdb.user:sserunjogip
2018-07-17 09:22:24,696 - app.couch - INFO - Deleting org.couchdb.user:ssimbwag
2018-07-17 09:22:24,696 - app.couch - INFO - Deleting org.couchdb.user:ssoziv
2018-07-17 09:22:24,696 - app.couch - INFO - Deleting org.couchdb.user:suzanna
2018-07-17 09:22:24,696 - app.couch - INFO - Deleting org.couchdb.user:taakam
2018-07-17 09:22:24,696 - app.couch - INFO - Deleting org.couchdb.user:talwanikea
2018-07-17 09:22:24,696 - app.couch - INFO - Deleting org.couchdb.user:tawekaj
2018-07-17 09:22:24,696 - app.couch - INFO - Deleting org.couchdb.user:tibiwap
2018-07-17 09:22:24,696 - app.couch - INFO - Deleting org.couchdb.user:tinan
2018-07-17 09:22:24,696 - app.couch - INFO - Deleting org.couchdb.user:tot01
2018-07-17 09:22:24,696 - app.couch - INFO - Deleting org.couchdb.user:tot02
2018-07-17 09:22:24,697 - app.couch - INFO - Deleting org.couchdb.user:tot03
2018-07-17 09:22:24,697 - app.couch - INFO - Deleting org.couchdb.user:tot04
2018-07-17 09:22:24,697 - app.couch - INFO - Deleting org.couchdb.user:tot05
2018-07-17 09:22:24,697 - app.couch - INFO - Deleting org.couchdb.user:tot06
2018-07-17 09:22:24,697 - app.couch - INFO - Deleting org.couchdb.user:tot07
2018-07-17 09:22:24,697 - app.couch - INFO - Deleting org.couchdb.user:tot08
2018-07-17 09:22:24,697 - app.couch - INFO - Deleting org.couchdb.user:tot09
2018-07-17 09:22:24,697 - app.couch - INFO - Deleting org.couchdb.user:tot10
2018-07-17 09:22:24,697 - app.couch - INFO - Deleting org.couchdb.user:tot11
2018-07-17 09:22:24,697 - app.couch - INFO - Deleting org.couchdb.user:tot12
2018-07-17 09:22:24,697 - app.couch - INFO - Deleting org.couchdb.user:tot13
2018-07-17 09:22:24,697 - app.couch - INFO - Deleting org.couchdb.user:tot14
2018-07-17 09:22:24,697 - app.couch - INFO - Deleting org.couchdb.user:tot15
2018-07-17 09:22:24,698 - app.couch - INFO - Deleting org.couchdb.user:tot16
2018-07-17 09:22:24,698 - app.couch - INFO - Deleting org.couchdb.user:tot17
2018-07-17 09:22:24,698 - app.couch - INFO - Deleting org.couchdb.user:tot18
2018-07-17 09:22:24,698 - app.couch - INFO - Deleting org.couchdb.user:tot19
2018-07-17 09:22:24,698 - app.couch - INFO - Deleting org.couchdb.user:tot20
2018-07-17 09:22:24,698 - app.couch - INFO - Deleting org.couchdb.user:tushabej
2018-07-17 09:22:24,698 - app.couch - INFO - Deleting org.couchdb.user:twanzae
2018-07-17 09:22:24,698 - app.couch - INFO - Deleting org.couchdb.user:twisad
2018-07-17 09:22:24,698 - app.couch - INFO - Deleting org.couchdb.user:wagabaj
2018-07-17 09:22:24,698 - app.couch - INFO - Deleting org.couchdb.user:wagabam
2018-07-17 09:22:24,698 - app.couch - INFO - Deleting org.couchdb.user:waliggos
2018-07-17 09:22:24,699 - app.couch - INFO - Deleting org.couchdb.user:waliirem
2018-07-17 09:22:24,699 - app.couch - INFO - Deleting org.couchdb.user:waniayefa
2018-07-17 09:22:24,699 - app.couch - INFO - Deleting org.couchdb.user:wanyanak
2018-07-17 09:22:24,699 - app.couch - INFO - Deleting org.couchdb.user:wanyanam
2018-07-17 09:22:24,699 - app.couch - INFO - Deleting org.couchdb.user:wasigee
2018-07-17 09:22:24,699 - app.couch - INFO - Deleting org.couchdb.user:wavamunoj
2018-07-17 09:22:24,699 - app.couch - INFO - Deleting org.couchdb.user:yoyetam
2018-07-17 09:22:24,699 - app.couch - INFO - Deleting org.couchdb.user:zaweddes
